{"/Users/fabrice/Documents/myFiles/backend-js-to-ts/src/server.ts": {"path":"/Users/fabrice/Documents/myFiles/backend-js-to-ts/src/server.ts","statementMap":{"0":{"start":{"line":1,"column":0},"end":{"line":1,"column":62}},"1":{"start":{"line":2,"column":0},"end":{"line":2,"column":46}},"2":{"start":{"line":3,"column":0},"end":{"line":3,"column":39}},"3":{"start":{"line":5,"column":0},"end":{"line":5,"column":28}},"4":{"start":{"line":7,"column":0},"end":{"line":7,"column":16}},"5":{"start":{"line":8,"column":0},"end":{"line":8,"column":45}},"6":{"start":{"line":10,"column":21},"end":{"line":10,"column":30}},"7":{"start":{"line":12,"column":0},"end":{"line":12,"column":24}},"8":{"start":{"line":13,"column":0},"end":{"line":13,"column":28}},"9":{"start":{"line":15,"column":0},"end":{"line":18,"column":3}},"10":{"start":{"line":16,"column":19},"end":{"line":16,"column":47}},"11":{"start":{"line":17,"column":2},"end":{"line":17,"column":44}},"12":{"start":{"line":20,"column":0},"end":{"line":20,"column":21}},"13":{"start":{"line":22,"column":0},"end":{"line":22,"column":19}}},"fnMap":{"0":{"name":"(anonymous_1)","decl":{"start":{"line":15,"column":18},"end":{"line":15,"column":19}},"loc":{"start":{"line":15,"column":50},"end":{"line":18,"column":1}}}},"branchMap":{},"s":{"0":1,"1":1,"2":1,"3":1,"4":1,"5":1,"6":1,"7":1,"8":1,"9":1,"10":0,"11":0,"12":1,"13":1},"f":{"0":0},"b":{}}
,"/Users/fabrice/Documents/myFiles/backend-js-to-ts/src/config/db.ts": {"path":"/Users/fabrice/Documents/myFiles/backend-js-to-ts/src/config/db.ts","statementMap":{"0":{"start":{"line":1,"column":0},"end":{"line":1,"column":32}},"1":{"start":{"line":2,"column":0},"end":{"line":2,"column":28}},"2":{"start":{"line":3,"column":0},"end":{"line":3,"column":16}},"3":{"start":{"line":5,"column":27},"end":{"line":19,"column":2}},"4":{"start":{"line":5,"column":38},"end":{"line":19,"column":2}},"5":{"start":{"line":6,"column":2},"end":{"line":18,"column":3}},"6":{"start":{"line":7,"column":21},"end":{"line":7,"column":55}},"7":{"start":{"line":8,"column":16},"end":{"line":8,"column":45}},"8":{"start":{"line":9,"column":18},"end":{"line":9,"column":53}},"9":{"start":{"line":10,"column":4},"end":{"line":15,"column":40}},"10":{"start":{"line":13,"column":8},"end":{"line":13,"column":42}},"11":{"start":{"line":15,"column":22},"end":{"line":15,"column":38}},"12":{"start":{"line":17,"column":4},"end":{"line":17,"column":21}},"13":{"start":{"line":21,"column":0},"end":{"line":21,"column":34}}},"fnMap":{"0":{"name":"(anonymous_8)","decl":{"start":{"line":5,"column":27},"end":{"line":5,"column":36}},"loc":{"start":{"line":5,"column":38},"end":{"line":19,"column":2}}},"1":{"name":"(anonymous_9)","decl":{"start":{"line":5,"column":38},"end":{"line":5,"column":null}},"loc":{"start":{"line":5,"column":38},"end":{"line":19,"column":1}}},"2":{"name":"(anonymous_10)","decl":{"start":{"line":12,"column":12},"end":{"line":12,"column":15}},"loc":{"start":{"line":12,"column":17},"end":{"line":14,"column":7}}},"3":{"name":"(anonymous_11)","decl":{"start":{"line":15,"column":13},"end":{"line":15,"column":14}},"loc":{"start":{"line":15,"column":22},"end":{"line":15,"column":38}}}},"branchMap":{"0":{"loc":{"start":{"line":7,"column":21},"end":{"line":7,"column":55}},"type":"binary-expr","locations":[{"start":{"line":7,"column":21},"end":{"line":7,"column":49}},{"start":{"line":7,"column":53},"end":{"line":7,"column":55}}]},"1":{"loc":{"start":{"line":8,"column":16},"end":{"line":8,"column":45}},"type":"binary-expr","locations":[{"start":{"line":8,"column":16},"end":{"line":8,"column":39}},{"start":{"line":8,"column":43},"end":{"line":8,"column":45}}]}},"s":{"0":1,"1":1,"2":1,"3":1,"4":1,"5":1,"6":1,"7":1,"8":1,"9":1,"10":0,"11":0,"12":0,"13":1},"f":{"0":1,"1":1,"2":0,"3":0},"b":{"0":[1,0],"1":[1,0]}}
,"/Users/fabrice/Documents/myFiles/backend-js-to-ts/src/controller/PostController.ts": {"path":"/Users/fabrice/Documents/myFiles/backend-js-to-ts/src/controller/PostController.ts","statementMap":{"0":{"start":{"line":1,"column":0},"end":{"line":1,"column":47}},"1":{"start":{"line":3,"column":0},"end":{"line":3,"column":33}},"2":{"start":{"line":5,"column":0},"end":{"line":5,"column":40}},"3":{"start":{"line":31,"column":21},"end":{"line":31,"column":49}},"4":{"start":{"line":32,"column":4},"end":{"line":39,"column":5}},"5":{"start":{"line":33,"column":20},"end":{"line":33,"column":37}},"6":{"start":{"line":35,"column":6},"end":{"line":35,"column":76}},"7":{"start":{"line":37,"column":27},"end":{"line":37,"column":42}},"8":{"start":{"line":38,"column":6},"end":{"line":38,"column":55}},"9":{"start":{"line":42,"column":21},"end":{"line":42,"column":49}},"10":{"start":{"line":43,"column":4},"end":{"line":55,"column":5}},"11":{"start":{"line":44,"column":21},"end":{"line":44,"column":31}},"12":{"start":{"line":45,"column":19},"end":{"line":45,"column":42}},"13":{"start":{"line":46,"column":23},"end":{"line":46,"column":58}},"14":{"start":{"line":47,"column":22},"end":{"line":50,"column":8}},"15":{"start":{"line":51,"column":6},"end":{"line":51,"column":79}},"16":{"start":{"line":53,"column":27},"end":{"line":53,"column":42}},"17":{"start":{"line":54,"column":6},"end":{"line":54,"column":55}},"18":{"start":{"line":58,"column":21},"end":{"line":58,"column":49}},"19":{"start":{"line":59,"column":4},"end":{"line":75,"column":5}},"20":{"start":{"line":60,"column":33},"end":{"line":60,"column":41}},"21":{"start":{"line":61,"column":19},"end":{"line":65,"column":8}},"22":{"start":{"line":66,"column":24},"end":{"line":66,"column":41}},"23":{"start":{"line":67,"column":6},"end":{"line":71,"column":8}},"24":{"start":{"line":73,"column":27},"end":{"line":73,"column":42}},"25":{"start":{"line":74,"column":6},"end":{"line":74,"column":55}},"26":{"start":{"line":79,"column":21},"end":{"line":79,"column":49}},"27":{"start":{"line":80,"column":4},"end":{"line":97,"column":5}},"28":{"start":{"line":81,"column":29},"end":{"line":81,"column":39}},"29":{"start":{"line":83,"column":23},"end":{"line":87,"column":15}},"30":{"start":{"line":88,"column":6},"end":{"line":92,"column":8}},"31":{"start":{"line":94,"column":6},"end":{"line":94,"column":25}},"32":{"start":{"line":95,"column":27},"end":{"line":95,"column":42}},"33":{"start":{"line":96,"column":6},"end":{"line":96,"column":55}},"34":{"start":{"line":101,"column":21},"end":{"line":101,"column":49}},"35":{"start":{"line":102,"column":4},"end":{"line":121,"column":5}},"36":{"start":{"line":103,"column":39},"end":{"line":103,"column":47}},"37":{"start":{"line":104,"column":29},"end":{"line":104,"column":39}},"38":{"start":{"line":105,"column":25},"end":{"line":111,"column":8}},"39":{"start":{"line":112,"column":27},"end":{"line":112,"column":50}},"40":{"start":{"line":113,"column":6},"end":{"line":117,"column":8}},"41":{"start":{"line":119,"column":27},"end":{"line":119,"column":42}},"42":{"start":{"line":120,"column":6},"end":{"line":120,"column":55}},"43":{"start":{"line":125,"column":9},"end":{"line":125,"column":23}}},"fnMap":{"0":{"name":"(anonymous_8)","decl":{"start":{"line":28,"column":15},"end":{"line":28,"column":26}},"loc":{"start":{"line":28,"column":54},"end":{"line":40,"column":null}}},"1":{"name":"(anonymous_10)","decl":{"start":{"line":41,"column":15},"end":{"line":41,"column":28}},"loc":{"start":{"line":41,"column":60},"end":{"line":56,"column":null}}},"2":{"name":"(anonymous_12)","decl":{"start":{"line":57,"column":15},"end":{"line":57,"column":25}},"loc":{"start":{"line":57,"column":58},"end":{"line":76,"column":null}}},"3":{"name":"(anonymous_14)","decl":{"start":{"line":78,"column":15},"end":{"line":78,"column":29}},"loc":{"start":{"line":78,"column":61},"end":{"line":98,"column":null}}},"4":{"name":"(anonymous_16)","decl":{"start":{"line":100,"column":15},"end":{"line":100,"column":28}},"loc":{"start":{"line":100,"column":64},"end":{"line":122,"column":null}}}},"branchMap":{},"s":{"0":1,"1":1,"2":1,"3":0,"4":0,"5":0,"6":0,"7":0,"8":0,"9":0,"10":0,"11":0,"12":0,"13":0,"14":0,"15":0,"16":0,"17":0,"18":0,"19":0,"20":0,"21":0,"22":0,"23":0,"24":0,"25":0,"26":0,"27":0,"28":0,"29":0,"30":0,"31":0,"32":0,"33":0,"34":0,"35":0,"36":0,"37":0,"38":0,"39":0,"40":0,"41":0,"42":0,"43":1},"f":{"0":0,"1":0,"2":0,"3":0,"4":0},"b":{}}
,"/Users/fabrice/Documents/myFiles/backend-js-to-ts/src/middleware/auth.ts": {"path":"/Users/fabrice/Documents/myFiles/backend-js-to-ts/src/middleware/auth.ts","statementMap":{"0":{"start":{"line":10,"column":35},"end":{"line":29,"column":2}},"1":{"start":{"line":35,"column":29},"end":{"line":54,"column":1}},"2":{"start":{"line":40,"column":2},"end":{"line":53,"column":3}},"3":{"start":{"line":41,"column":32},"end":{"line":41,"column":43}},"4":{"start":{"line":42,"column":17},"end":{"line":42,"column":65}},"5":{"start":{"line":42,"column":44},"end":{"line":42,"column":64}},"6":{"start":{"line":43,"column":4},"end":{"line":45,"column":5}},"7":{"start":{"line":44,"column":6},"end":{"line":44,"column":76}},"8":{"start":{"line":46,"column":4},"end":{"line":48,"column":5}},"9":{"start":{"line":47,"column":6},"end":{"line":47,"column":76}},"10":{"start":{"line":49,"column":4},"end":{"line":49,"column":20}},"11":{"start":{"line":50,"column":4},"end":{"line":50,"column":11}},"12":{"start":{"line":52,"column":4},"end":{"line":52,"column":67}},"13":{"start":{"line":35,"column":13},"end":{"line":35,"column":29}},"14":{"start":{"line":55,"column":29},"end":{"line":66,"column":1}},"15":{"start":{"line":60,"column":15},"end":{"line":60,"column":23}},"16":{"start":{"line":61,"column":2},"end":{"line":61,"column":20}},"17":{"start":{"line":62,"column":2},"end":{"line":64,"column":3}},"18":{"start":{"line":63,"column":4},"end":{"line":63,"column":61}},"19":{"start":{"line":65,"column":2},"end":{"line":65,"column":9}},"20":{"start":{"line":55,"column":13},"end":{"line":55,"column":29}}},"fnMap":{"0":{"name":"(anonymous_0)","decl":{"start":{"line":35,"column":29},"end":{"line":35,"column":null}},"loc":{"start":{"line":39,"column":4},"end":{"line":54,"column":1}}},"1":{"name":"(anonymous_1)","decl":{"start":{"line":42,"column":34},"end":{"line":42,"column":35}},"loc":{"start":{"line":42,"column":44},"end":{"line":42,"column":64}}},"2":{"name":"(anonymous_2)","decl":{"start":{"line":55,"column":29},"end":{"line":55,"column":null}},"loc":{"start":{"line":59,"column":4},"end":{"line":66,"column":1}}}},"branchMap":{"0":{"loc":{"start":{"line":43,"column":4},"end":{"line":45,"column":5}},"type":"if","locations":[{"start":{"line":43,"column":4},"end":{"line":45,"column":5}}]},"1":{"loc":{"start":{"line":46,"column":4},"end":{"line":48,"column":5}},"type":"if","locations":[{"start":{"line":46,"column":4},"end":{"line":48,"column":5}}]},"2":{"loc":{"start":{"line":62,"column":2},"end":{"line":64,"column":3}},"type":"if","locations":[{"start":{"line":62,"column":2},"end":{"line":64,"column":3}}]},"3":{"loc":{"start":{"line":62,"column":6},"end":{"line":62,"column":16}},"type":"cond-expr","locations":[{"start":{"line":62,"column":10},"end":{"line":62,"column":12}},{"start":{"line":62,"column":6},"end":{"line":62,"column":16}}]},"4":{"loc":{"start":{"line":62,"column":6},"end":{"line":62,"column":12}},"type":"binary-expr","locations":[{"start":{"line":62,"column":6},"end":{"line":62,"column":12}},{"start":{"line":62,"column":6},"end":{"line":62,"column":12}}]}},"s":{"0":1,"1":1,"2":0,"3":0,"4":0,"5":0,"6":0,"7":0,"8":0,"9":0,"10":0,"11":0,"12":0,"13":1,"14":1,"15":0,"16":0,"17":0,"18":0,"19":0,"20":1},"f":{"0":0,"1":0,"2":0},"b":{"0":[0],"1":[0],"2":[0],"3":[0,0],"4":[0,0]}}
,"/Users/fabrice/Documents/myFiles/backend-js-to-ts/src/modal/Comment.ts": {"path":"/Users/fabrice/Documents/myFiles/backend-js-to-ts/src/modal/Comment.ts","statementMap":{"0":{"start":{"line":1,"column":0},"end":{"line":1,"column":41}},"1":{"start":{"line":4,"column":22},"end":{"line":11,"column":2}},"2":{"start":{"line":13,"column":0},"end":{"line":13,"column":58}}},"fnMap":{},"branchMap":{},"s":{"0":1,"1":1,"2":1},"f":{},"b":{}}
,"/Users/fabrice/Documents/myFiles/backend-js-to-ts/src/modal/Post.ts": {"path":"/Users/fabrice/Documents/myFiles/backend-js-to-ts/src/modal/Post.ts","statementMap":{"0":{"start":{"line":1,"column":0},"end":{"line":1,"column":41}},"1":{"start":{"line":5,"column":13},"end":{"line":9,"column":2}},"2":{"start":{"line":11,"column":0},"end":{"line":11,"column":42}}},"fnMap":{},"branchMap":{},"s":{"0":1,"1":1,"2":1},"f":{},"b":{}}
,"/Users/fabrice/Documents/myFiles/backend-js-to-ts/src/routes/blog.ts": {"path":"/Users/fabrice/Documents/myFiles/backend-js-to-ts/src/routes/blog.ts","statementMap":{"0":{"start":{"line":1,"column":0},"end":{"line":1,"column":43}},"1":{"start":{"line":2,"column":0},"end":{"line":2,"column":62}},"2":{"start":{"line":3,"column":0},"end":{"line":3,"column":66}},"3":{"start":{"line":7,"column":23},"end":{"line":7,"column":39}},"4":{"start":{"line":9,"column":0},"end":{"line":14,"column":2}},"5":{"start":{"line":15,"column":0},"end":{"line":15,"column":54}},"6":{"start":{"line":16,"column":0},"end":{"line":16,"column":60}},"7":{"start":{"line":20,"column":0},"end":{"line":20,"column":84}},"8":{"start":{"line":21,"column":0},"end":{"line":21,"column":70}},"9":{"start":{"line":23,"column":0},"end":{"line":23,"column":21}}},"fnMap":{},"branchMap":{},"s":{"0":1,"1":1,"2":1,"3":1,"4":1,"5":1,"6":1,"7":1,"8":1,"9":1},"f":{},"b":{}}
,"/Users/fabrice/Documents/myFiles/backend-js-to-ts/src/utils/response.ts": {"path":"/Users/fabrice/Documents/myFiles/backend-js-to-ts/src/utils/response.ts","statementMap":{"0":{"start":{"line":13,"column":4},"end":{"line":13,"column":19}},"1":{"start":{"line":14,"column":4},"end":{"line":14,"column":19}},"2":{"start":{"line":21,"column":4},"end":{"line":25,"column":6}},"3":{"start":{"line":32,"column":4},"end":{"line":36,"column":6}},"4":{"start":{"line":40,"column":4},"end":{"line":40,"column":67}},"5":{"start":{"line":44,"column":0},"end":{"line":44,"column":30}}},"fnMap":{"0":{"name":"(anonymous_0)","decl":{"start":{"line":12,"column":2},"end":{"line":12,"column":14}},"loc":{"start":{"line":12,"column":41},"end":{"line":15,"column":3}}},"1":{"name":"(anonymous_1)","decl":{"start":{"line":16,"column":2},"end":{"line":16,"column":8}},"loc":{"start":{"line":19,"column":18},"end":{"line":26,"column":3}}},"2":{"name":"(anonymous_2)","decl":{"start":{"line":27,"column":2},"end":{"line":27,"column":8}},"loc":{"start":{"line":30,"column":18},"end":{"line":37,"column":3}}},"3":{"name":"(anonymous_3)","decl":{"start":{"line":39,"column":2},"end":{"line":39,"column":6}},"loc":{"start":{"line":39,"column":50},"end":{"line":41,"column":3}}}},"branchMap":{},"s":{"0":0,"1":0,"2":0,"3":0,"4":0,"5":1},"f":{"0":0,"1":0,"2":0,"3":0},"b":{}}
}
